02/18/2022 04:15:42 Central Standard Time (Mexico) : Error : Problem Acquiring a token silenly for resource: '499b84ac-1321-427f-aa17-267ca6975798', tenant:'f8cdef31-a31e-4b4a-93e4-5f571e91255a', User: '00000000-0000-0000-0c22-fb3c41e827c4.9188040d-6c67-4c5b-b112-36a304b66dad' due to 'System.NullReferenceException: Object reference not set to an instance of an object.
   at async Task<AuthenticationInfo> Microsoft.Developer.IdentityService.AccountProvider.MsalNetworkServicesImpl.AcquireTokenSilentAsync(string resource, string tenant, UserIdentifier userId, CancellationToken cancellationToken)
   at async Task<AuthenticationInfo> Microsoft.Developer.IdentityService.AccountProvider.MsalNetworkServicesImpl.AcquireTokenSilentAsync(string resource, string tenant, UserIdentifier userId, CancellationToken cancellationToken)
   at void Microsoft.VisualStudio.Telemetry.WindowsErrorReporting.WatsonReport.GetClrWatsonExceptionInfo(Exception exceptionObject)'
02/18/2022 04:15:42 Central Standard Time (Mexico) : Error : AcquireTokenException: Object reference not set to an instance of an object.
02/18/2022 04:15:43 Central Standard Time (Mexico) : Error : Problem Acquiring a token silenly for resource: '499b84ac-1321-427f-aa17-267ca6975798', tenant:'f8cdef31-a31e-4b4a-93e4-5f571e91255a', User: '00000000-0000-0000-0c22-fb3c41e827c4.9188040d-6c67-4c5b-b112-36a304b66dad' due to 'System.NullReferenceException: Object reference not set to an instance of an object.
   at async Task<AuthenticationInfo> Microsoft.Developer.IdentityService.AccountProvider.MsalNetworkServicesImpl.AcquireTokenSilentAsync(string resource, string tenant, UserIdentifier userId, CancellationToken cancellationToken)
   at async Task<AuthenticationInfo> Microsoft.Developer.IdentityService.AccountProvider.MsalNetworkServicesImpl.AcquireTokenSilentAsync(string resource, string tenant, UserIdentifier userId, CancellationToken cancellationToken)
   at void Microsoft.VisualStudio.Telemetry.WindowsErrorReporting.WatsonReport.GetClrWatsonExceptionInfo(Exception exceptionObject)'
02/18/2022 04:15:43 Central Standard Time (Mexico) : Error : Problem getting session token from the server. 'System.NullReferenceException: Object reference not set to an instance of an object.
   at async Task<AuthenticationInfo> Microsoft.Developer.IdentityService.AccountProvider.MsalNetworkServicesImpl.AcquireTokenSilentAsync(string resource, string tenant, UserIdentifier userId, CancellationToken cancellationToken)
   at async Task<AuthenticationInfo> Microsoft.Developer.IdentityService.AccountProvider.MsalNetworkServicesImpl.AcquireTokenSilentAsync(string resource, string tenant, UserIdentifier userId, CancellationToken cancellationToken)
   at void Microsoft.VisualStudio.Telemetry.WindowsErrorReporting.WatsonReport.GetClrWatsonExceptionInfo(Exception exceptionObject)
   at async Task<SessionTokenEntry> Microsoft.Developer.IdentityService.AccountProvider.AadAccountProviderNetworkServicesBase.GetSessionTokenFromVsoAsync(Account account, SessionTokenDescriptor tokenDescriptor, CancellationToken cancellationToken)
   at async Task<SessionTokenResult> Microsoft.Developer.IdentityService.SessionTokens.SessionTokenManager.GetSessionTokenImplAsync(Account account, SessionTokenDescriptor tokenParameter, bool forceRefresh, CancellationToken cancellationToken)'
02/18/2022 04:15:43 Central Standard Time (Mexico) : Error : No session token entry found.
02/18/2022 04:15:43 Central Standard Time (Mexico) : Error : Problem Acquiring a token silenly for resource: '499b84ac-1321-427f-aa17-267ca6975798', tenant:'f8cdef31-a31e-4b4a-93e4-5f571e91255a', User: '00000000-0000-0000-0c22-fb3c41e827c4.9188040d-6c67-4c5b-b112-36a304b66dad' due to 'System.NullReferenceException: Object reference not set to an instance of an object.
   at async Task<AuthenticationInfo> Microsoft.Developer.IdentityService.AccountProvider.MsalNetworkServicesImpl.AcquireTokenSilentAsync(string resource, string tenant, UserIdentifier userId, CancellationToken cancellationToken)
   at async Task<AuthenticationInfo> Microsoft.Developer.IdentityService.AccountProvider.MsalNetworkServicesImpl.AcquireTokenSilentAsync(string resource, string tenant, UserIdentifier userId, CancellationToken cancellationToken)
   at void Microsoft.VisualStudio.Telemetry.WindowsErrorReporting.WatsonReport.GetClrWatsonExceptionInfo(Exception exceptionObject)'
02/18/2022 04:15:43 Central Standard Time (Mexico) : Error : Problem getting session token from the server. 'System.NullReferenceException: Object reference not set to an instance of an object.
   at async Task<AuthenticationInfo> Microsoft.Developer.IdentityService.AccountProvider.MsalNetworkServicesImpl.AcquireTokenSilentAsync(string resource, string tenant, UserIdentifier userId, CancellationToken cancellationToken)
   at async Task<AuthenticationInfo> Microsoft.Developer.IdentityService.AccountProvider.MsalNetworkServicesImpl.AcquireTokenSilentAsync(string resource, string tenant, UserIdentifier userId, CancellationToken cancellationToken)
   at void Microsoft.VisualStudio.Telemetry.WindowsErrorReporting.WatsonReport.GetClrWatsonExceptionInfo(Exception exceptionObject)
   at async Task<SessionTokenEntry> Microsoft.Developer.IdentityService.AccountProvider.AadAccountProviderNetworkServicesBase.GetSessionTokenFromVsoAsync(Account account, SessionTokenDescriptor tokenDescriptor, CancellationToken cancellationToken)
   at async Task<SessionTokenResult> Microsoft.Developer.IdentityService.SessionTokens.SessionTokenManager.GetSessionTokenImplAsync(Account account, SessionTokenDescriptor tokenParameter, bool forceRefresh, CancellationToken cancellationToken)'
02/18/2022 04:15:43 Central Standard Time (Mexico) : Error : No session token entry found.
